<?xml version="1.0" encoding="UTF-8"?>
<!-- Generated by org.testng.reporters.JUnitXMLReporter -->
<testsuite ignored="0" hostname="gargi" failures="0" tests="1" name="Test" time="0.578" errors="0" timestamp="2020-09-16T12:30:35 PDT">
  <testcase classname="Academy.LoginTest" name="@BeforeTest Presetup" time="0.468">
    <failure type="java.lang.NoSuchMethodError" message="&amp;apos;void com.google.common.base.Preconditions.checkState(boolean, java.lang.String, java.lang.Object)&amp;apos;">
      <![CDATA[java.lang.NoSuchMethodError: 'void com.google.common.base.Preconditions.checkState(boolean, java.lang.String, java.lang.Object)'
at org.openqa.selenium.remote.service.DriverService.checkExecutable(DriverService.java:147)
at org.openqa.selenium.firefox.GeckoDriverService.access$000(GeckoDriverService.java:41)
at org.openqa.selenium.firefox.GeckoDriverService$Builder.usingFirefoxBinary(GeckoDriverService.java:152)
at org.openqa.selenium.firefox.GeckoDriverService$Builder.withOptions(GeckoDriverService.java:159)
at org.openqa.selenium.firefox.FirefoxDriver.toExecutor(FirefoxDriver.java:181)
at org.openqa.selenium.firefox.FirefoxDriver.<init>(FirefoxDriver.java:154)
at org.openqa.selenium.firefox.FirefoxDriver.<init>(FirefoxDriver.java:132)
at resources.InitDriver.initDriver(InitDriver.java:24)
at Academy.LoginTest.Presetup(LoginTest.java:18)
... Removed 28 stack frames]]>
    </failure>
  </testcase> <!-- @BeforeTest Presetup -->
  <testcase classname="Academy.LoginTest" name="loginTest" time="0.0">
    <skipped/>
  </testcase> <!-- loginTest -->
</testsuite> <!-- Test -->
