<?xml version="1.0" encoding="UTF-8" ?>
<testsuite tests="2" failures="1" name="Academy.LoginTest" time="58.609" errors="0" skipped="1">
  <properties>
[...]
</properties>
  <testcase classname="Academy.LoginTest" name="Presetup" time="58.607">
    <failure message="com.google.common.collect.ImmutableSortedSet.toImmutableSortedSet(Ljava/util/Comparator;)Ljava/util/stream/Collector;" type="java.lang.NoSuchMethodError">java.lang.NoSuchMethodError: com.google.common.collect.ImmutableSortedSet.toImmutableSortedSet(Ljava/util/Comparator;)Ljava/util/stream/Collector;
	at org.openqa.selenium.remote.NewSessionPayload.lambda$validate$3(NewSessionPayload.java:193)
	at java.util.stream.ReferencePipeline$11$1.accept(Unknown Source)
	at java.util.stream.ReferencePipeline$3$1.accept(Unknown Source)
	at java.util.stream.ReferencePipeline$11$1.accept(Unknown Source)
	at java.util.Iterator.forEachRemaining(Unknown Source)
	at java.util.Spliterators$IteratorSpliterator.forEachRemaining(Unknown Source)
	at java.util.stream.AbstractPipeline.copyInto(Unknown Source)
	at java.util.stream.AbstractPipeline.wrapAndCopyInto(Unknown Source)
	at java.util.stream.ForEachOps$ForEachOp.evaluateSequential(Unknown Source)
	at java.util.stream.ForEachOps$ForEachOp$OfRef.evaluateSequential(Unknown Source)
	at java.util.stream.AbstractPipeline.evaluate(Unknown Source)
	at java.util.stream.ReferencePipeline.forEach(Unknown Source)
	at org.openqa.selenium.remote.NewSessionPayload.validate(NewSessionPayload.java:209)
	at org.openqa.selenium.remote.NewSessionPayload.&lt;init&gt;(NewSessionPayload.java:154)
	at org.openqa.selenium.remote.NewSessionPayload.create(NewSessionPayload.java:101)
	at org.openqa.selenium.remote.NewSessionPayload.create(NewSessionPayload.java:94)
	at org.openqa.selenium.remote.ProtocolHandshake.createSession(ProtocolHandshake.java:69)
	at org.openqa.selenium.remote.HttpCommandExecutor.execute(HttpCommandExecutor.java:139)
	at org.openqa.selenium.remote.service.DriverCommandExecutor.execute(DriverCommandExecutor.java:83)
	at org.openqa.selenium.remote.RemoteWebDriver.execute(RemoteWebDriver.java:576)
	at org.openqa.selenium.remote.RemoteWebDriver.startSession(RemoteWebDriver.java:210)
	at org.openqa.selenium.remote.RemoteWebDriver.&lt;init&gt;(RemoteWebDriver.java:130)
	at org.openqa.selenium.firefox.FirefoxDriver.&lt;init&gt;(FirefoxDriver.java:154)
	at org.openqa.selenium.firefox.FirefoxDriver.&lt;init&gt;(FirefoxDriver.java:132)
	at resources.InitDriver.initDriver(InitDriver.java:25)
	at Academy.LoginTest.Presetup(LoginTest.java:18)
</failure>
    <system-out>Configuring TestNG with: org.apache.maven.surefire.testng.conf.TestNG652Configurator@67117f44
</system-out>
  </testcase>
  <testcase classname="Academy.LoginTest" name="loginTest" time="0.002">
    <skipped/>
  </testcase>
</testsuite>