<?xml version="1.0" encoding="UTF-8"?>
<testsuite xmlns:xsi="http://www.w3.org/2001/XMLSchema-instance" xsi:noNamespaceSchemaLocation="https://maven.apache.org/surefire/maven-surefire-plugin/xsd/surefire-test-report-3.0.xsd" version="3.0" name="TestSuite" time="4.419" tests="2" errors="0" skipped="1" failures="1">
  <properties>
[...]
</properties>
  <testcase name="Presetup" classname="Academy.LoginTest" time="3.638">
    <failure message="&apos;void com.google.common.base.Preconditions.checkState(boolean, java.lang.String, java.lang.Object)&apos;" type="java.lang.NoSuchMethodError"><![CDATA[java.lang.NoSuchMethodError: 'void com.google.common.base.Preconditions.checkState(boolean, java.lang.String, java.lang.Object)'
	at Academy.LoginTest.Presetup(LoginTest.java:18)
]]></failure>
  </testcase>
  <testcase name="loginTest" classname="Academy.LoginTest" time="0">
    <skipped message="&apos;void com.google.common.base.Preconditions.checkState(boolean, java.lang.String, java.lang.Object)&apos;"/>
  </testcase>
</testsuite>