-------------------------------------------------------------------------------
Test set: TestSuite
-------------------------------------------------------------------------------
Tests run: 2, Failures: 1, Errors: 0, Skipped: 1, Time elapsed: 4.419 s <<< FAILURE! - in TestSuite
Academy.LoginTest.Presetup  Time elapsed: 3.638 s  <<< FAILURE!
java.lang.NoSuchMethodError: 'void com.google.common.base.Preconditions.checkState(boolean, java.lang.String, java.lang.Object)'
	at Academy.LoginTest.Presetup(LoginTest.java:18)

